<?xml version="1.0" encoding="UTF-8"?>
<!-- Generated by org.testng.reporters.JUnitReportReporter -->
<testsuite hostname="LAPTOP-B86SJ351" failures="0" tests="1" name="Testngpackage.copypaste" time="2.768" errors="0" timestamp="2023-05-29T02:05:44 GMT-08:00" skipped="0">
  <testcase classname="Testngpackage.copypaste" name="test1" time="2.768"/>
  <system-out/>
</testsuite> <!-- Testngpackage.copypaste -->
