<?xml version="1.0" encoding="UTF-8"?>
<!-- Generated by org.testng.reporters.JUnitReportReporter -->
<testsuite hostname="LAPTOP-B86SJ351" failures="0" tests="3" name="Testngpackage.Crossbrowsertest" time="14.284" errors="0" timestamp="2023-06-01T02:23:44 GMT-08:00" skipped="0">
  <testcase classname="Testngpackage.Crossbrowsertest" name="test" time="4.477"/>
  <system-out/>
  <testcase classname="Testngpackage.Crossbrowsertest" name="test" time="1.222"/>
  <system-out/>
  <testcase classname="Testngpackage.Crossbrowsertest" name="test" time="8.585"/>
  <system-out/>
</testsuite> <!-- Testngpackage.Crossbrowsertest -->
