<?xml version="1.0" encoding="UTF-8"?>
<!-- Generated by org.testng.reporters.JUnitReportReporter -->
<testsuite hostname="LAPTOP-B86SJ351" failures="0" tests="1" name="Testngpackage.Fileupload" time="0.070" errors="0" timestamp="2023-06-01T03:12:36 GMT-08:00" skipped="0">
  <testcase classname="Testngpackage.Fileupload" name="test" time="0.070"/>
  <system-out/>
</testsuite> <!-- Testngpackage.Fileupload -->
