<?xml version="1.0" encoding="UTF-8"?>
<!-- Generated by org.testng.reporters.JUnitReportReporter -->
<testsuite hostname="LAPTOP-B86SJ351" failures="0" tests="1" name="Testngpackage.guruprgm$copypaste" time="5.548" errors="0" timestamp="2023-05-29T23:27:23 GMT-08:00" skipped="0">
  <testcase classname="Testngpackage.guruprgm$copypaste" name="test1" time="5.548"/>
  <system-out/>
</testsuite> <!-- Testngpackage.guruprgm$copypaste -->
