<?xml version="1.0" encoding="UTF-8"?>
<!-- Generated by org.testng.reporters.JUnitReportReporter -->
<testsuite hostname="LAPTOP-B86SJ351" failures="0" tests="3" name="Testngpackage.Testngdemo" time="2.466" errors="0" timestamp="2023-05-29T01:39:56 GMT-08:00" skipped="0">
  <testcase classname="Testngpackage.Testngdemo" name="test3" time="0.612"/>
  <system-out/>
  <testcase classname="Testngpackage.Testngdemo" name="test1" time="1.166"/>
  <system-out/>
  <testcase classname="Testngpackage.Testngdemo" name="test2" time="0.688"/>
  <system-out/>
</testsuite> <!-- Testngpackage.Testngdemo -->
