<?xml version="1.0" encoding="UTF-8"?>
<!-- Generated by org.testng.reporters.JUnitReportReporter -->
<testsuite hostname="LAPTOP-B86SJ351" failures="0" tests="1" name="Testngpackage.Loginvalidation" time="4.725" errors="0" timestamp="2023-05-30T02:39:10 GMT-08:00" skipped="0">
  <testcase classname="Testngpackage.Loginvalidation" name="test1" time="4.725"/>
  <system-out/>
</testsuite> <!-- Testngpackage.Loginvalidation -->
