<?xml version="1.0" encoding="UTF-8"?>
<!-- Generated by org.testng.reporters.JUnitReportReporter -->
<testsuite hostname="LAPTOP-B86SJ351" failures="0" tests="1" name="Testngpackage.Uploadbuttonpgm" time="7.502" errors="0" timestamp="2023-06-02T02:51:20 GMT-08:00" skipped="0">
  <testcase classname="Testngpackage.Uploadbuttonpgm" name="fileupload" time="7.502"/>
  <system-out/>
</testsuite> <!-- Testngpackage.Uploadbuttonpgm -->
