<?xml version="1.0" encoding="UTF-8"?>
<!-- Generated by org.testng.reporters.JUnitReportReporter -->
<testsuite hostname="LAPTOP-B86SJ351" failures="0" tests="1" name="Testngpackage.Draganddrop" time="5.247" errors="0" timestamp="2023-05-29T03:18:56 GMT-08:00" skipped="0">
  <testcase classname="Testngpackage.Draganddrop" name="test1" time="5.247"/>
  <system-out/>
</testsuite> <!-- Testngpackage.Draganddrop -->
