<?xml version="1.0" encoding="UTF-8"?>
<!-- Generated by org.testng.reporters.JUnitReportReporter -->
<testsuite hostname="LAPTOP-B86SJ351" failures="0" tests="1" name="test.Fbcreatetest" time="2.362" errors="0" timestamp="2023-06-07T02:56:10 GMT-08:00" skipped="0">
  <testcase classname="test.Fbcreatetest" name="Fbcreatepage" time="2.362"/>
  <system-out/>
</testsuite> <!-- test.Fbcreatetest -->
