<?xml version="1.0" encoding="UTF-8"?>
<!-- Generated by org.testng.reporters.JUnitReportReporter -->
<testsuite hostname="LAPTOP-B86SJ351" failures="0" tests="1" name="Testngpackage.Datadriventest" time="3.894" errors="0" timestamp="2023-06-01T01:52:51 GMT-08:00" skipped="0">
  <testcase classname="Testngpackage.Datadriventest" name="test" time="3.894"/>
  <system-out/>
</testsuite> <!-- Testngpackage.Datadriventest -->
